{"name": "test_employment_status[chromium]", "status": "failed", "statusDetails": {"message": "AssertionError: API status 'Test567' not found in UI statuses []\nassert 'Test567' in []", "trace": "page = <Page url='https://opensource-demo.orangehrmlive.com/web/index.php/admin/employmentStatus'>\n\n    def test_employment_status(page):\n        new_status = EmploymentStatusAPI.add_employment_status()\n        login_page = LoginPage(page)\n        login_page.navigate()\n        login_page.enter_username()\n        login_page.enter_password()\n        login_page.click_login()\n        admin_page = AdminPage(page)\n        admin_page.navigate_to_admin_page()\n        admin_page.select_job_details()\n        # Fetch all statuses\n        ui_statuses = admin_page.get_all_employment_status()\n    \n        # Save into config.py\n        config_path = \"config/config.py\"\n        with open(config_path, \"r\") as file:\n            content = file.read()\n    \n        new_content = re.sub(\n            r\"EMPLOYMENT_STATUS_LIST\\s*=\\s*\\[.*?\\]\",\n            f\"EMPLOYMENT_STATUS_LIST = {ui_statuses}\",\n            content,\n            flags=re.DOTALL\n        )\n    \n        with open(config_path, \"w\") as file:\n            file.write(new_content)\n    \n        # Compare API response with UI list\n>       assert new_status in ui_statuses, f\"API status '{new_status}' not found in UI statuses {ui_statuses}\"\nE       AssertionError: API status 'Test567' not found in UI statuses []\nE       assert 'Test567' in []\n\ntests\\test_admin.py:40: AssertionError"}, "parameters": [{"name": "browser", "value": "'chromium'"}], "start": 1756380347803, "stop": 1756380357708, "uuid": "7b34a561-7c01-4437-a1f8-37628c121c28", "historyId": "6c5bef5896a20f5c7c2bee459675b6ce", "testCaseId": "688597d0e3beec92dbddb0195c760500", "fullName": "tests.test_admin#test_employment_status", "labels": [{"name": "parentSuite", "value": "tests"}, {"name": "suite", "value": "test_admin"}, {"name": "host", "value": "COGNINE-L209"}, {"name": "thread", "value": "14700-MainThread"}, {"name": "framework", "value": "pytest"}, {"name": "language", "value": "cpython3"}, {"name": "package", "value": "tests.test_admin"}]}